<?xml version="1.0" encoding="UTF-8"?>
<bplog:Log xmi:version="2.0" xmlns:xmi="http://www.omg.org/XMI" xmlns:xsi="http://www.w3.org/2001/XMLSchema-instance" xmlns:bplog="http://simtech.de/bpel/logging" processModelName="WebShopMain" processModelPath="C:\workspace\Webshop\rev0\WebShopMain.bpel">
  <modelChange xsi:type="bplog:StructuralChange" changeReason="ElementRemoved" timestamp="2016-11-14T22:13:33.971+0100">
    <parentElement elementType="sequence" elementName="main" elementXPath="/process/sequence[1]"/>
    <oldElement elementType="empty" elementName="FIX_ME-Add_Business_Logic_Here" elementXPath="/process/sequence[1]/empty[1]"/>
  </modelChange>
  <modelChange xsi:type="bplog:StructuralChange" changeReason="ElementAdded" timestamp="2016-11-14T22:13:43.948+0100">
    <parentElement elementType="sequence" elementName="main" elementXPath="/process/sequence[1]"/>
    <newElement elementType="assign" elementName="" elementXPath="/process/sequence[1]/assign[1]"/>
  </modelChange>
  <modelChange xsi:type="bplog:ValueChange" changeReason="AttributeChanged" timestamp="2016-11-14T22:13:43.958+0100">
    <containingElement elementType="assign" elementName="" elementXPath="/process/sequence[1]/assign[1]"/>
    <attribute attributeName="name" oldValue="" newValue="Assign"/>
  </modelChange>
  <modelChange xsi:type="bplog:StructuralChange" changeReason="ElementAdded" timestamp="2016-11-14T22:14:19.404+0100">
    <parentElement elementType="assign" elementName="Assign" elementXPath="/process/sequence[1]/assign[1]"/>
    <newElement elementType="copy" elementName="" elementXPath="/process/sequence[1]/assign[1]/copy[1]"/>
  </modelChange>
  <modelChange xsi:type="bplog:StructuralChange" changeReason="ElementAdded" timestamp="2016-11-14T22:14:19.518+0100">
    <parentElement elementType="copy" elementName="" elementXPath="/process/sequence[1]/assign[1]/copy[1]"/>
    <newElement elementType="from" elementName=""/>
  </modelChange>
  <modelChange xsi:type="bplog:StructuralChange" changeReason="ElementAdded" timestamp="2016-11-14T22:14:19.552+0100">
    <parentElement elementType="copy" elementName="" elementXPath="/process/sequence[1]/assign[1]/copy[1]"/>
    <newElement elementType="to" elementName=""/>
  </modelChange>
  <modelChange xsi:type="bplog:ValueChange" changeReason="AttributeChanged" timestamp="2016-11-14T22:14:28.486+0100">
    <containingElement elementType="from" elementName="" elementXPath="/process/sequence[1]/assign[1]/copy[1]/from[1]"/>
    <attribute attributeName="variable" oldValue=""/>
  </modelChange>
  <modelChange xsi:type="bplog:ValueChange" changeReason="AttributeChanged" timestamp="2016-11-14T22:14:28.487+0100">
    <containingElement elementType="from" elementName="" elementXPath="/process/sequence[1]/assign[1]/copy[1]/from[1]"/>
    <attribute attributeName="part" oldValue=""/>
  </modelChange>
  <modelChange xsi:type="bplog:ValueChange" changeReason="AttributeChanged" timestamp="2016-11-14T22:14:28.488+0100">
    <containingElement elementType="from" elementName="" elementXPath="/process/sequence[1]/assign[1]/copy[1]/from[1]"/>
    <attribute attributeName="property" oldValue=""/>
  </modelChange>
  <modelChange xsi:type="bplog:ValueChange" changeReason="AttributeChanged" timestamp="2016-11-14T22:14:28.488+0100">
    <containingElement elementType="from" elementName="" elementXPath="/process/sequence[1]/assign[1]/copy[1]/from[1]"/>
    <attribute attributeName="part" oldValue="" newValue="payload"/>
  </modelChange>
  <modelChange xsi:type="bplog:ValueChange" changeReason="AttributeChanged" timestamp="2016-11-14T22:14:28.492+0100">
    <containingElement elementType="from" elementName="" elementXPath="/process/sequence[1]/assign[1]/copy[1]/from[1]"/>
    <attribute attributeName="variable" oldValue="" newValue="input"/>
  </modelChange>
  <modelChange xsi:type="bplog:ValueChange" changeReason="AttributeChanged" timestamp="2016-11-14T22:14:40.896+0100">
    <containingElement elementType="to" elementName=""/>
    <attribute attributeName="variable" oldValue=""/>
  </modelChange>
  <modelChange xsi:type="bplog:ValueChange" changeReason="AttributeChanged" timestamp="2016-11-14T22:14:40.896+0100">
    <containingElement elementType="to" elementName=""/>
    <attribute attributeName="part" oldValue=""/>
  </modelChange>
  <modelChange xsi:type="bplog:ValueChange" changeReason="AttributeChanged" timestamp="2016-11-14T22:14:40.897+0100">
    <containingElement elementType="to" elementName=""/>
    <attribute attributeName="property" oldValue=""/>
  </modelChange>
  <modelChange xsi:type="bplog:ValueChange" changeReason="AttributeChanged" timestamp="2016-11-14T22:14:40.897+0100">
    <containingElement elementType="to" elementName=""/>
    <attribute attributeName="variable" oldValue="" newValue="input"/>
  </modelChange>
  <modelChange xsi:type="bplog:StructuralChange" changeReason="ElementRemoved" timestamp="2016-11-14T22:14:43.531+0100">
    <parentElement elementType="copy" elementName="" elementXPath="/process/sequence[1]/assign[1]/copy[1]"/>
    <oldElement elementType="from" elementName="" elementXPath="/process/sequence[1]/assign[1]/copy[1]/from[1]"/>
  </modelChange>
  <modelChange xsi:type="bplog:StructuralChange" changeReason="ElementAdded" timestamp="2016-11-14T22:14:43.531+0100">
    <parentElement elementType="copy" elementName="" elementXPath="/process/sequence[1]/assign[1]/copy[1]"/>
    <newElement elementType="from" elementName=""/>
  </modelChange>
  <modelChange xsi:type="bplog:ValueChange" changeReason="LiteralAdded" timestamp="2016-11-14T22:14:43.622+0100">
    <containingElement elementType="from" elementName=""/>
    <attribute attributeName="literal" newValue="&lt;tns:WebShopMainRequest xmlns:tns=&quot;http://de.ustutt.simtech&quot; xmlns:xsi=&quot;http://www.w3.org/2001/XMLSchema-instance&quot;>&#xD;&#xA;  &lt;tns:input>tns:input&lt;/tns:input>&#xD;&#xA;&lt;/tns:WebShopMainRequest>&#xD;&#xA;"/>
  </modelChange>
  <modelChange xsi:type="bplog:ValueChange" changeReason="AttributeChanged" timestamp="2016-11-14T22:14:54.271+0100">
    <containingElement elementType="to" elementName="" elementXPath="/process/sequence[1]/assign[1]/copy[1]/to[1]"/>
    <attribute attributeName="variable" oldValue="input"/>
  </modelChange>
  <modelChange xsi:type="bplog:ValueChange" changeReason="AttributeChanged" timestamp="2016-11-14T22:14:54.275+0100">
    <containingElement elementType="to" elementName="" elementXPath="/process/sequence[1]/assign[1]/copy[1]/to[1]"/>
    <attribute attributeName="part" oldValue=""/>
  </modelChange>
  <modelChange xsi:type="bplog:ValueChange" changeReason="AttributeChanged" timestamp="2016-11-14T22:14:54.276+0100">
    <containingElement elementType="to" elementName="" elementXPath="/process/sequence[1]/assign[1]/copy[1]/to[1]"/>
    <attribute attributeName="property" oldValue=""/>
  </modelChange>
  <modelChange xsi:type="bplog:ValueChange" changeReason="AttributeChanged" timestamp="2016-11-14T22:14:54.277+0100">
    <containingElement elementType="to" elementName="" elementXPath="/process/sequence[1]/assign[1]/copy[1]/to[1]"/>
    <attribute attributeName="part" oldValue="" newValue="payload"/>
  </modelChange>
  <modelChange xsi:type="bplog:ValueChange" changeReason="AttributeChanged" timestamp="2016-11-14T22:14:54.280+0100">
    <containingElement elementType="to" elementName="" elementXPath="/process/sequence[1]/assign[1]/copy[1]/to[1]"/>
    <attribute attributeName="variable" oldValue="" newValue="output"/>
  </modelChange>
  <modelChange xsi:type="bplog:ValueChange" changeReason="LiteralRemoved" timestamp="2016-11-14T22:14:58.631+0100">
    <containingElement elementType="from" elementName=""/>
    <attribute attributeName="literal" oldValue="&lt;tns:WebShopMainRequest xmlns:tns=&quot;http://de.ustutt.simtech&quot; xmlns:xsi=&quot;http://www.w3.org/2001/XMLSchema-instance&quot;>&#xD;&#xA;  &lt;tns:input>tns:input&lt;/tns:input>&#xD;&#xA;&lt;/tns:WebShopMainRequest>&#xD;&#xA;"/>
  </modelChange>
  <modelChange xsi:type="bplog:ValueChange" changeReason="LiteralAdded" timestamp="2016-11-14T22:14:58.631+0100">
    <containingElement elementType="from" elementName=""/>
    <attribute attributeName="literal" newValue="&lt;tns:WebShopMainRequest xmlns:tns=&quot;http://de.ustutt.simtech&quot; xmlns:xsi=&quot;http://www.w3.org/2001/XMLSchema-instance&quot;>&#xD;&#xA;  &lt;tns:input>test&lt;/tns:input>&#xD;&#xA;&lt;/tns:WebShopMainRequest>&#xD;&#xA;"/>
  </modelChange>
  <modelChange xsi:type="bplog:StructuralChange" changeReason="ElementAdded" timestamp="2016-11-14T22:15:53.090+0100">
    <parentElement elementType="assign" elementName="Assign" elementXPath="/process/sequence[1]/assign[1]"/>
    <newElement elementType="copy" elementName="" elementXPath="/process/sequence[1]/assign[1]/copy[2]"/>
  </modelChange>
  <modelChange xsi:type="bplog:StructuralChange" changeReason="ElementAdded" timestamp="2016-11-14T22:15:53.122+0100">
    <parentElement elementType="copy" elementName="" elementXPath="/process/sequence[1]/assign[1]/copy[2]"/>
    <newElement elementType="from" elementName=""/>
  </modelChange>
  <modelChange xsi:type="bplog:StructuralChange" changeReason="ElementAdded" timestamp="2016-11-14T22:15:53.131+0100">
    <parentElement elementType="copy" elementName="" elementXPath="/process/sequence[1]/assign[1]/copy[2]"/>
    <newElement elementType="to" elementName=""/>
  </modelChange>
  <modelChange xsi:type="bplog:ValueChange" changeReason="AttributeChanged" timestamp="2016-11-14T22:16:29.907+0100">
    <containingElement elementType="from" elementName="" elementXPath="/process/sequence[1]/assign[1]/copy[2]/from[1]"/>
    <attribute attributeName="variable" oldValue=""/>
  </modelChange>
  <modelChange xsi:type="bplog:ValueChange" changeReason="AttributeChanged" timestamp="2016-11-14T22:16:29.908+0100">
    <containingElement elementType="from" elementName="" elementXPath="/process/sequence[1]/assign[1]/copy[2]/from[1]"/>
    <attribute attributeName="part" oldValue=""/>
  </modelChange>
  <modelChange xsi:type="bplog:ValueChange" changeReason="AttributeChanged" timestamp="2016-11-14T22:16:29.908+0100">
    <containingElement elementType="from" elementName="" elementXPath="/process/sequence[1]/assign[1]/copy[2]/from[1]"/>
    <attribute attributeName="property" oldValue=""/>
  </modelChange>
  <modelChange xsi:type="bplog:ValueChange" changeReason="AttributeChanged" timestamp="2016-11-14T22:16:29.909+0100">
    <containingElement elementType="from" elementName="" elementXPath="/process/sequence[1]/assign[1]/copy[2]/from[1]"/>
    <attribute attributeName="part" oldValue="" newValue="payload"/>
  </modelChange>
  <modelChange xsi:type="bplog:ValueChange" changeReason="AttributeChanged" timestamp="2016-11-14T22:16:29.912+0100">
    <containingElement elementType="from" elementName="" elementXPath="/process/sequence[1]/assign[1]/copy[2]/from[1]"/>
    <attribute attributeName="variable" oldValue="" newValue="input"/>
  </modelChange>
  <modelChange xsi:type="bplog:ValueChange" changeReason="AttributeChanged" timestamp="2016-11-14T22:16:33.125+0100">
    <containingElement elementType="to" elementName=""/>
    <attribute attributeName="variable" oldValue=""/>
  </modelChange>
  <modelChange xsi:type="bplog:ValueChange" changeReason="AttributeChanged" timestamp="2016-11-14T22:16:33.126+0100">
    <containingElement elementType="to" elementName=""/>
    <attribute attributeName="part" oldValue=""/>
  </modelChange>
  <modelChange xsi:type="bplog:ValueChange" changeReason="AttributeChanged" timestamp="2016-11-14T22:16:33.127+0100">
    <containingElement elementType="to" elementName=""/>
    <attribute attributeName="property" oldValue=""/>
  </modelChange>
  <modelChange xsi:type="bplog:ValueChange" changeReason="AttributeChanged" timestamp="2016-11-14T22:16:33.128+0100">
    <containingElement elementType="to" elementName=""/>
    <attribute attributeName="part" oldValue="" newValue="payload"/>
  </modelChange>
  <modelChange xsi:type="bplog:ValueChange" changeReason="AttributeChanged" timestamp="2016-11-14T22:16:33.131+0100">
    <containingElement elementType="to" elementName=""/>
    <attribute attributeName="variable" oldValue="" newValue="output"/>
  </modelChange>
  <modelChange xsi:type="bplog:ValueChange" changeReason="AttributeChanged" timestamp="2016-11-14T22:28:03.876+0100">
    <containingElement elementType="to" elementName="" elementXPath="/process/sequence[1]/assign[1]/copy[1]/to[1]"/>
    <attribute attributeName="variable" oldValue="output"/>
  </modelChange>
  <modelChange xsi:type="bplog:ValueChange" changeReason="AttributeChanged" timestamp="2016-11-14T22:28:03.911+0100">
    <containingElement elementType="to" elementName="" elementXPath="/process/sequence[1]/assign[1]/copy[1]/to[1]"/>
    <attribute attributeName="part" oldValue="payload"/>
  </modelChange>
  <modelChange xsi:type="bplog:ValueChange" changeReason="AttributeChanged" timestamp="2016-11-14T22:28:03.922+0100">
    <containingElement elementType="to" elementName="" elementXPath="/process/sequence[1]/assign[1]/copy[1]/to[1]"/>
    <attribute attributeName="property" oldValue=""/>
  </modelChange>
  <modelChange xsi:type="bplog:ValueChange" changeReason="AttributeChanged" timestamp="2016-11-14T22:28:03.947+0100">
    <containingElement elementType="to" elementName="" elementXPath="/process/sequence[1]/assign[1]/copy[1]/to[1]"/>
    <attribute attributeName="part" oldValue="" newValue="payload"/>
  </modelChange>
  <modelChange xsi:type="bplog:ValueChange" changeReason="AttributeChanged" timestamp="2016-11-14T22:28:03.955+0100">
    <containingElement elementType="to" elementName="" elementXPath="/process/sequence[1]/assign[1]/copy[1]/to[1]"/>
    <attribute attributeName="variable" oldValue="" newValue="input"/>
  </modelChange>
  <modelChange xsi:type="bplog:ValueChange" changeReason="AttributeChanged" timestamp="2016-11-14T22:28:57.826+0100">
    <containingElement elementType="from" elementName="" elementXPath="/process/sequence[1]/assign[1]/copy[2]/from[1]"/>
    <attribute attributeName="variable" oldValue="input"/>
  </modelChange>
  <modelChange xsi:type="bplog:ValueChange" changeReason="AttributeChanged" timestamp="2016-11-14T22:28:57.837+0100">
    <containingElement elementType="from" elementName="" elementXPath="/process/sequence[1]/assign[1]/copy[2]/from[1]"/>
    <attribute attributeName="part" oldValue="payload"/>
  </modelChange>
  <modelChange xsi:type="bplog:ValueChange" changeReason="AttributeChanged" timestamp="2016-11-14T22:28:57.845+0100">
    <containingElement elementType="from" elementName="" elementXPath="/process/sequence[1]/assign[1]/copy[2]/from[1]"/>
    <attribute attributeName="property" oldValue=""/>
  </modelChange>
  <modelChange xsi:type="bplog:ValueChange" changeReason="AttributeChanged" timestamp="2016-11-14T22:28:57.860+0100">
    <containingElement elementType="from" elementName="" elementXPath="/process/sequence[1]/assign[1]/copy[2]/from[1]"/>
    <attribute attributeName="part" oldValue="" newValue="payload"/>
  </modelChange>
  <modelChange xsi:type="bplog:ValueChange" changeReason="AttributeChanged" timestamp="2016-11-14T22:28:57.865+0100">
    <containingElement elementType="from" elementName="" elementXPath="/process/sequence[1]/assign[1]/copy[2]/from[1]"/>
    <attribute attributeName="variable" oldValue="" newValue="input"/>
  </modelChange>
  <modelChange xsi:type="bplog:StructuralChange" changeReason="ElementRemoved" timestamp="2016-11-14T22:31:44.869+0100">
    <parentElement elementType="assign" elementName="Assign" elementXPath="/process/sequence[1]/assign[1]"/>
    <oldElement elementType="copy" elementName="" elementXPath="/process/sequence[1]/assign[1]/copy[1]"/>
  </modelChange>
  <modelChange xsi:type="bplog:StructuralChange" changeReason="ElementRemoved" timestamp="2016-11-14T22:31:44.871+0100">
    <parentElement elementType="copy" elementName="" elementXPath="/process/sequence[1]/assign[1]/copy[1]"/>
    <oldElement elementType="to" elementName="" elementXPath="/process/sequence[1]/assign[1]/copy[1]/to[1]"/>
  </modelChange>
  <modelChange xsi:type="bplog:StructuralChange" changeReason="ElementRemoved" timestamp="2016-11-14T22:31:44.871+0100">
    <parentElement elementType="copy" elementName="" elementXPath="/process/sequence[1]/assign[1]/copy[1]"/>
    <oldElement elementType="from" elementName="" elementXPath="/process/sequence[1]/assign[1]/copy[1]/from[1]"/>
  </modelChange>
  <modelChange xsi:type="bplog:StructuralChange" changeReason="ElementRemoved" timestamp="2016-11-14T22:31:45.274+0100">
    <parentElement elementType="assign" elementName="Assign" elementXPath="/process/sequence[1]/assign[1]"/>
    <oldElement elementType="copy" elementName="" elementXPath="/process/sequence[1]/assign[1]/copy[1]"/>
  </modelChange>
  <modelChange xsi:type="bplog:StructuralChange" changeReason="ElementRemoved" timestamp="2016-11-14T22:31:45.275+0100">
    <parentElement elementType="copy" elementName="" elementXPath="/process/sequence[1]/assign[1]/copy[1]"/>
    <oldElement elementType="to" elementName="" elementXPath="/process/sequence[1]/assign[1]/copy[2]/to[1]"/>
  </modelChange>
  <modelChange xsi:type="bplog:StructuralChange" changeReason="ElementRemoved" timestamp="2016-11-14T22:31:45.275+0100">
    <parentElement elementType="copy" elementName="" elementXPath="/process/sequence[1]/assign[1]/copy[1]"/>
    <oldElement elementType="from" elementName="" elementXPath="/process/sequence[1]/assign[1]/copy[2]/from[1]"/>
  </modelChange>
  <modelChange xsi:type="bplog:StructuralChange" changeReason="ElementAdded" timestamp="2016-11-14T22:31:48.653+0100">
    <parentElement elementType="assign" elementName="Assign" elementXPath="/process/sequence[1]/assign[1]"/>
    <newElement elementType="copy" elementName="" elementXPath="/process/sequence[1]/assign[1]/copy[1]"/>
  </modelChange>
  <modelChange xsi:type="bplog:StructuralChange" changeReason="ElementAdded" timestamp="2016-11-14T22:31:48.665+0100">
    <parentElement elementType="copy" elementName="" elementXPath="/process/sequence[1]/assign[1]/copy[1]"/>
    <newElement elementType="from" elementName=""/>
  </modelChange>
  <modelChange xsi:type="bplog:StructuralChange" changeReason="ElementAdded" timestamp="2016-11-14T22:31:48.676+0100">
    <parentElement elementType="copy" elementName="" elementXPath="/process/sequence[1]/assign[1]/copy[1]"/>
    <newElement elementType="to" elementName=""/>
  </modelChange>
  <modelChange xsi:type="bplog:ValueChange" changeReason="AttributeChanged" timestamp="2016-11-14T22:31:52.930+0100">
    <containingElement elementType="from" elementName="" elementXPath="/process/sequence[1]/assign[1]/copy[1]/from[1]"/>
    <attribute attributeName="variable" oldValue=""/>
  </modelChange>
  <modelChange xsi:type="bplog:ValueChange" changeReason="AttributeChanged" timestamp="2016-11-14T22:31:52.931+0100">
    <containingElement elementType="from" elementName="" elementXPath="/process/sequence[1]/assign[1]/copy[1]/from[1]"/>
    <attribute attributeName="part" oldValue=""/>
  </modelChange>
  <modelChange xsi:type="bplog:ValueChange" changeReason="AttributeChanged" timestamp="2016-11-14T22:31:52.931+0100">
    <containingElement elementType="from" elementName="" elementXPath="/process/sequence[1]/assign[1]/copy[1]/from[1]"/>
    <attribute attributeName="property" oldValue=""/>
  </modelChange>
  <modelChange xsi:type="bplog:ValueChange" changeReason="AttributeChanged" timestamp="2016-11-14T22:31:52.932+0100">
    <containingElement elementType="from" elementName="" elementXPath="/process/sequence[1]/assign[1]/copy[1]/from[1]"/>
    <attribute attributeName="part" oldValue="" newValue="payload"/>
  </modelChange>
  <modelChange xsi:type="bplog:ValueChange" changeReason="AttributeChanged" timestamp="2016-11-14T22:31:52.935+0100">
    <containingElement elementType="from" elementName="" elementXPath="/process/sequence[1]/assign[1]/copy[1]/from[1]"/>
    <attribute attributeName="variable" oldValue="" newValue="input"/>
  </modelChange>
  <modelChange xsi:type="bplog:ValueChange" changeReason="AttributeChanged" timestamp="2016-11-14T22:31:54.407+0100">
    <containingElement elementType="to" elementName=""/>
    <attribute attributeName="variable" oldValue=""/>
  </modelChange>
  <modelChange xsi:type="bplog:ValueChange" changeReason="AttributeChanged" timestamp="2016-11-14T22:31:54.407+0100">
    <containingElement elementType="to" elementName=""/>
    <attribute attributeName="part" oldValue=""/>
  </modelChange>
  <modelChange xsi:type="bplog:ValueChange" changeReason="AttributeChanged" timestamp="2016-11-14T22:31:54.408+0100">
    <containingElement elementType="to" elementName=""/>
    <attribute attributeName="property" oldValue=""/>
  </modelChange>
  <modelChange xsi:type="bplog:ValueChange" changeReason="AttributeChanged" timestamp="2016-11-14T22:31:54.409+0100">
    <containingElement elementType="to" elementName=""/>
    <attribute attributeName="part" oldValue="" newValue="payload"/>
  </modelChange>
  <modelChange xsi:type="bplog:ValueChange" changeReason="AttributeChanged" timestamp="2016-11-14T22:31:54.414+0100">
    <containingElement elementType="to" elementName=""/>
    <attribute attributeName="variable" oldValue="" newValue="output"/>
  </modelChange>
  <modelChange xsi:type="bplog:StructuralChange" changeReason="ElementAdded" timestamp="2016-11-14T22:31:56.991+0100">
    <parentElement elementType="assign" elementName="Assign" elementXPath="/process/sequence[1]/assign[1]"/>
    <newElement elementType="copy" elementName="" elementXPath="/process/sequence[1]/assign[1]/copy[1]"/>
  </modelChange>
  <modelChange xsi:type="bplog:StructuralChange" changeReason="ElementAdded" timestamp="2016-11-14T22:31:57.002+0100">
    <parentElement elementType="copy" elementName="" elementXPath="/process/sequence[1]/assign[1]/copy[1]"/>
    <newElement elementType="from" elementName=""/>
  </modelChange>
  <modelChange xsi:type="bplog:StructuralChange" changeReason="ElementAdded" timestamp="2016-11-14T22:31:57.012+0100">
    <parentElement elementType="copy" elementName="" elementXPath="/process/sequence[1]/assign[1]/copy[1]"/>
    <newElement elementType="to" elementName=""/>
  </modelChange>
  <modelChange xsi:type="bplog:StructuralChange" changeReason="ElementRemoved" timestamp="2016-11-14T22:31:57.039+0100">
    <parentElement elementType="copy" elementName="" elementXPath="/process/sequence[1]/assign[1]/copy[1]"/>
    <oldElement elementType="from" elementName="" elementXPath="/process/sequence[1]/assign[1]/copy[1]/from[1]"/>
  </modelChange>
  <modelChange xsi:type="bplog:StructuralChange" changeReason="ElementAdded" timestamp="2016-11-14T22:31:57.039+0100">
    <parentElement elementType="copy" elementName="" elementXPath="/process/sequence[1]/assign[1]/copy[1]"/>
    <newElement elementType="from" elementName=""/>
  </modelChange>
  <modelChange xsi:type="bplog:StructuralChange" changeReason="ElementRemoved" timestamp="2016-11-14T22:31:57.047+0100">
    <parentElement elementType="copy" elementName="" elementXPath="/process/sequence[1]/assign[1]/copy[1]"/>
    <oldElement elementType="to" elementName="" elementXPath="/process/sequence[1]/assign[1]/copy[1]/to[1]"/>
  </modelChange>
  <modelChange xsi:type="bplog:StructuralChange" changeReason="ElementAdded" timestamp="2016-11-14T22:31:57.047+0100">
    <parentElement elementType="copy" elementName="" elementXPath="/process/sequence[1]/assign[1]/copy[1]"/>
    <newElement elementType="to" elementName=""/>
  </modelChange>
  <modelChange xsi:type="bplog:ValueChange" changeReason="LiteralRemoved" timestamp="2016-11-14T22:32:43.481+0100">
    <containingElement elementType="from" elementName="" elementXPath="/process/sequence[1]/assign[1]/copy[1]/from[1]"/>
    <attribute attributeName="literal" oldValue="&lt;tns:WebShopMainResponse xmlns:tns=&quot;http://de.ustutt.simtech&quot; xmlns:xsi=&quot;http://www.w3.org/2001/XMLSchema-instance&quot;>&#xD;&#xA;  &lt;tns:result>tns:result&lt;/tns:result>&#xD;&#xA;&lt;/tns:WebShopMainResponse>&#xD;&#xA;"/>
  </modelChange>
  <modelChange xsi:type="bplog:ValueChange" changeReason="LiteralAdded" timestamp="2016-11-14T22:32:43.481+0100">
    <containingElement elementType="from" elementName="" elementXPath="/process/sequence[1]/assign[1]/copy[1]/from[1]"/>
    <attribute attributeName="literal" newValue="&lt;tns:WebShopMainResponse xmlns:tns=&quot;http://de.ustutt.simtech&quot; xmlns:xsi=&quot;http://www.w3.org/2001/XMLSchema-instance&quot;>&#xD;&#xA;  &lt;tns:result>fixvalue&lt;/tns:result>&#xD;&#xA;&lt;/tns:WebShopMainResponse>&#xD;&#xA;"/>
  </modelChange>
</bplog:Log>
